PLINK v1.90b6.21 64-bit (19 Oct 2020)
Options in effect:
  --bfile 1-QC/1-Missingness/GPA4_a1
  --maf 0.05
  --make-bed
  --out 1-QC/3-MAF/GPA7_a1

Hostname: Armands-MacBook-Pro.local
Working directory: /Users/armand/RstudioProjects/TFM_Sant_Pau_Internship/Input/ADNI/plink
Start time: Thu May  6 13:25:40 2021

Random number seed: 1620300340
8192 MB RAM detected; reserving 4096 MB for main workspace.
33 variants loaded from .bim file.
375 people (204 males, 171 females) loaded from .fam.
375 phenotype values loaded from .fam.
Using 1 thread (no multithreaded calculations invoked).
Before main variant filters, 375 founders and 0 nonfounders present.
Calculating allele frequencies... done.
0 variants removed due to minor allele threshold(s)
(--maf/--max-maf/--mac/--max-mac).
33 variants and 375 people pass filters and QC.
Among remaining phenotypes, 172 are cases and 203 are controls.
--make-bed to 1-QC/3-MAF/GPA7_a1.bed + 1-QC/3-MAF/GPA7_a1.bim +
1-QC/3-MAF/GPA7_a1.fam ... done.

End time: Thu May  6 13:25:40 2021
