PLINK v1.90b6.21 64-bit (19 Oct 2020)
Options in effect:
  --bfile 1-QC/1-Missingness/GPA4_a3
  --maf 0.05
  --make-bed
  --out 1-QC/3-MAF/GPA7_a3

Hostname: Armands-MacBook-Pro.local
Working directory: /Users/armand/RstudioProjects/TFM_Sant_Pau_Internship/Input/ADNI/plink
Start time: Thu May  6 13:25:40 2021

Random number seed: 1620300340
8192 MB RAM detected; reserving 4096 MB for main workspace.
34 variants loaded from .bim file.
218 people (107 males, 111 females) loaded from .fam.
217 phenotype values loaded from .fam.
Using 1 thread (no multithreaded calculations invoked).
Before main variant filters, 218 founders and 0 nonfounders present.
Calculating allele frequencies... done.
1 variant removed due to minor allele threshold(s)
(--maf/--max-maf/--mac/--max-mac).
33 variants and 218 people pass filters and QC.
Among remaining phenotypes, 93 are cases and 124 are controls.  (1 phenotype is
missing.)
--make-bed to 1-QC/3-MAF/GPA7_a3.bed + 1-QC/3-MAF/GPA7_a3.bim +
1-QC/3-MAF/GPA7_a3.fam ... done.

End time: Thu May  6 13:25:40 2021
