PLINK v1.90b6.21 64-bit (19 Oct 2020)
Options in effect:
  --bfile 1-QC/1-Missingness/GPA4_a4
  --maf 0.05
  --make-bed
  --out 1-QC/3-MAF/GPA7_a4

Hostname: Armands-MacBook-Pro.local
Working directory: /Users/armand/RstudioProjects/TFM_Sant_Pau_Internship/Input/ADNI/plink
Start time: Thu May  6 13:25:40 2021

Random number seed: 1620300340
8192 MB RAM detected; reserving 4096 MB for main workspace.
28 variants loaded from .bim file.
317 people (161 males, 156 females) loaded from .fam.
316 phenotype values loaded from .fam.
Using 1 thread (no multithreaded calculations invoked).
Before main variant filters, 317 founders and 0 nonfounders present.
Calculating allele frequencies... done.
1 variant removed due to minor allele threshold(s)
(--maf/--max-maf/--mac/--max-mac).
27 variants and 317 people pass filters and QC.
Among remaining phenotypes, 46 are cases and 270 are controls.  (1 phenotype is
missing.)
--make-bed to 1-QC/3-MAF/GPA7_a4.bed + 1-QC/3-MAF/GPA7_a4.bim +
1-QC/3-MAF/GPA7_a4.fam ... done.

End time: Thu May  6 13:25:40 2021
