PLINK v1.90b6.21 64-bit (19 Oct 2020)
Options in effect:
  --bfile 1-QC/4-HWE/GPA9_a2
  --out adni2
  --recode

Hostname: Armands-MacBook-Pro.local
Working directory: /Users/armand/RstudioProjects/TFM_Sant_Pau_Internship/Input/ADNI/plink
Start time: Thu May  6 14:18:32 2021

Random number seed: 1620303512
8192 MB RAM detected; reserving 4096 MB for main workspace.
33 variants loaded from .bim file.
151 people (80 males, 71 females) loaded from .fam.
150 phenotype values loaded from .fam.
Using 1 thread (no multithreaded calculations invoked).
Before main variant filters, 151 founders and 0 nonfounders present.
Calculating allele frequencies... done.
33 variants and 151 people pass filters and QC.
Among remaining phenotypes, 27 are cases and 123 are controls.  (1 phenotype is
missing.)
--recode ped to adni2.ped + adni2.map ... done.

End time: Thu May  6 14:18:32 2021
