PLINK v1.90b6.21 64-bit (19 Oct 2020)
Options in effect:
  --file adni2
  --make-bed
  --out results_a2

Hostname: Armands-MacBook-Pro.local
Working directory: /Users/armand/RstudioProjects/TFM_Sant_Pau_Internship/Input/ADNI/plink/0-Data
Start time: Thu May  6 13:02:23 2021

Random number seed: 1620298943
8192 MB RAM detected; reserving 4096 MB for main workspace.
Scanning .ped file... done.
Performing single-pass .bed write (35 variants, 157 people).
--file: results_a2-temporary.bed + results_a2-temporary.bim +
results_a2-temporary.fam written.
35 variants loaded from .bim file.
157 people (83 males, 74 females) loaded from .fam.
156 phenotype values loaded from .fam.
Using 1 thread (no multithreaded calculations invoked).
Before main variant filters, 157 founders and 0 nonfounders present.
Calculating allele frequencies... done.
Total genotyping rate is 0.99818.
35 variants and 157 people pass filters and QC.
Among remaining phenotypes, 29 are cases and 127 are controls.  (1 phenotype is
missing.)
--make-bed to results_a2.bed + results_a2.bim + results_a2.fam ... done.

End time: Thu May  6 13:02:23 2021
