PLINK v1.90b6.21 64-bit (19 Oct 2020)
Options in effect:
  --file adni3
  --make-bed
  --out results_a3

Hostname: Armands-MacBook-Pro.local
Working directory: /Users/armand/RstudioProjects/TFM_Sant_Pau_Internship/Input/ADNI/plink/0-Data
Start time: Thu May  6 13:02:46 2021

Random number seed: 1620298966
8192 MB RAM detected; reserving 4096 MB for main workspace.
Scanning .ped file...
Possibly irregular .ped line.  Restarting scan, assuming multichar alleles.
.ped scan complete (for binary autoconversion).
Warning: Variant 35 triallelic; setting rarest missing.
Performing single-pass .bed write (35 variants, 226 people).
--file: results_a3-temporary.bed + results_a3-temporary.bim +
results_a3-temporary.fam written.
35 variants loaded from .bim file.
226 people (112 males, 114 females) loaded from .fam.
225 phenotype values loaded from .fam.
Using 1 thread (no multithreaded calculations invoked).
Before main variant filters, 226 founders and 0 nonfounders present.
Calculating allele frequencies... done.
Total genotyping rate is 0.996713.
35 variants and 226 people pass filters and QC.
Among remaining phenotypes, 98 are cases and 127 are controls.  (1 phenotype is
missing.)
--make-bed to results_a3.bed + results_a3.bim + results_a3.fam ... done.

End time: Thu May  6 13:02:46 2021
