PLINK v1.90b6.21 64-bit (19 Oct 2020)
Options in effect:
  --file adni4
  --make-bed
  --out results_a4

Hostname: Armands-MacBook-Pro.local
Working directory: /Users/armand/RstudioProjects/TFM_Sant_Pau_Internship/Input/ADNI/plink/0-Data
Start time: Thu May  6 13:02:55 2021

Random number seed: 1620298975
8192 MB RAM detected; reserving 4096 MB for main workspace.
Scanning .ped file... done.
Performing single-pass .bed write (30 variants, 330 people).
--file: results_a4-temporary.bed + results_a4-temporary.bim +
results_a4-temporary.fam written.
30 variants loaded from .bim file.
330 people (166 males, 164 females) loaded from .fam.
329 phenotype values loaded from .fam.
Using 1 thread (no multithreaded calculations invoked).
Before main variant filters, 330 founders and 0 nonfounders present.
Calculating allele frequencies... done.
Total genotyping rate is 0.995253.
30 variants and 330 people pass filters and QC.
Among remaining phenotypes, 48 are cases and 281 are controls.  (1 phenotype is
missing.)
--make-bed to results_a4.bed + results_a4.bim + results_a4.fam ... done.

End time: Thu May  6 13:02:55 2021
