PLINK v1.90b6.21 64-bit (19 Oct 2020)
Options in effect:
  --bfile 0-Data/results_a1
  --geno 0.2
  --make-bed
  --out 1-QC/1-Missingness/GPA1_a1

Hostname: Armands-MacBook-Pro.local
Working directory: /Users/armand/RstudioProjects/TFM_Sant_Pau_Internship/Input/ADNI/plink
Start time: Thu May  6 13:12:33 2021

Random number seed: 1620299553
8192 MB RAM detected; reserving 4096 MB for main workspace.
34 variants loaded from .bim file.
394 people (211 males, 183 females) loaded from .fam.
394 phenotype values loaded from .fam.
Using 1 thread (no multithreaded calculations invoked).
Before main variant filters, 394 founders and 0 nonfounders present.
Calculating allele frequencies... done.
Total genotyping rate is 0.997462.
0 variants removed due to missing genotype data (--geno).
34 variants and 394 people pass filters and QC.
Among remaining phenotypes, 180 are cases and 214 are controls.
--make-bed to 1-QC/1-Missingness/GPA1_a1.bed + 1-QC/1-Missingness/GPA1_a1.bim +
1-QC/1-Missingness/GPA1_a1.fam ... done.

End time: Thu May  6 13:12:33 2021
