PLINK v1.90b6.21 64-bit (19 Oct 2020)
Options in effect:
  --bfile 1-QC/1-Missingness/GPA1_a2
  --make-bed
  --mind 0.2
  --out 1-QC/1-Missingness/GPA2_a2

Hostname: Armands-MacBook-Pro.local
Working directory: /Users/armand/RstudioProjects/TFM_Sant_Pau_Internship/Input/ADNI/plink
Start time: Thu May  6 13:20:06 2021

Random number seed: 1620300006
8192 MB RAM detected; reserving 4096 MB for main workspace.
35 variants loaded from .bim file.
157 people (83 males, 74 females) loaded from .fam.
156 phenotype values loaded from .fam.
0 people removed due to missing genotype data (--mind).
Using 1 thread (no multithreaded calculations invoked).
Before main variant filters, 157 founders and 0 nonfounders present.
Calculating allele frequencies... done.
Total genotyping rate is 0.99818.
35 variants and 157 people pass filters and QC.
Among remaining phenotypes, 29 are cases and 127 are controls.  (1 phenotype is
missing.)
--make-bed to 1-QC/1-Missingness/GPA2_a2.bed + 1-QC/1-Missingness/GPA2_a2.bim +
1-QC/1-Missingness/GPA2_a2.fam ... done.

End time: Thu May  6 13:20:06 2021
