PLINK v1.90b6.21 64-bit (19 Oct 2020)
Options in effect:
  --bfile 1-QC/1-Missingness/GPA2_a3
  --geno 0.02
  --make-bed
  --out 1-QC/1-Missingness/GPA3_a3

Hostname: Armands-MacBook-Pro.local
Working directory: /Users/armand/RstudioProjects/TFM_Sant_Pau_Internship/Input/ADNI/plink
Start time: Thu May  6 13:21:28 2021

Random number seed: 1620300088
8192 MB RAM detected; reserving 4096 MB for main workspace.
35 variants loaded from .bim file.
226 people (112 males, 114 females) loaded from .fam.
225 phenotype values loaded from .fam.
Using 1 thread (no multithreaded calculations invoked).
Before main variant filters, 226 founders and 0 nonfounders present.
Calculating allele frequencies... done.
Total genotyping rate is 0.996713.
1 variant removed due to missing genotype data (--geno).
34 variants and 226 people pass filters and QC.
Among remaining phenotypes, 98 are cases and 127 are controls.  (1 phenotype is
missing.)
--make-bed to 1-QC/1-Missingness/GPA3_a3.bed + 1-QC/1-Missingness/GPA3_a3.bim +
1-QC/1-Missingness/GPA3_a3.fam ... done.

End time: Thu May  6 13:21:28 2021
