PLINK v1.90b6.21 64-bit (19 Oct 2020)
Options in effect:
  --bfile 1-QC/1-Missingness/GPA2_a4
  --geno 0.02
  --make-bed
  --out 1-QC/1-Missingness/GPA3_a4

Hostname: Armands-MacBook-Pro.local
Working directory: /Users/armand/RstudioProjects/TFM_Sant_Pau_Internship/Input/ADNI/plink
Start time: Thu May  6 13:21:28 2021

Random number seed: 1620300088
8192 MB RAM detected; reserving 4096 MB for main workspace.
30 variants loaded from .bim file.
330 people (166 males, 164 females) loaded from .fam.
329 phenotype values loaded from .fam.
Using 1 thread (no multithreaded calculations invoked).
Before main variant filters, 330 founders and 0 nonfounders present.
Calculating allele frequencies... done.
Total genotyping rate is 0.995253.
2 variants removed due to missing genotype data (--geno).
28 variants and 330 people pass filters and QC.
Among remaining phenotypes, 48 are cases and 281 are controls.  (1 phenotype is
missing.)
--make-bed to 1-QC/1-Missingness/GPA3_a4.bed + 1-QC/1-Missingness/GPA3_a4.bim +
1-QC/1-Missingness/GPA3_a4.fam ... done.

End time: Thu May  6 13:21:28 2021
