PLINK v1.90b6.21 64-bit (19 Oct 2020)
Options in effect:
  --bfile 1-QC/1-Missingness/GPA3_a1
  --make-bed
  --mind 0.02
  --out 1-QC/1-Missingness/GPA4_a1

Hostname: Armands-MacBook-Pro.local
Working directory: /Users/armand/RstudioProjects/TFM_Sant_Pau_Internship/Input/ADNI/plink
Start time: Thu May  6 13:23:08 2021

Random number seed: 1620300188
8192 MB RAM detected; reserving 4096 MB for main workspace.
33 variants loaded from .bim file.
394 people (211 males, 183 females) loaded from .fam.
394 phenotype values loaded from .fam.
19 people removed due to missing genotype data (--mind).
IDs written to 1-QC/1-Missingness/GPA4_a1.irem .
Using 1 thread (no multithreaded calculations invoked).
Before main variant filters, 375 founders and 0 nonfounders present.
Calculating allele frequencies... done.
33 variants and 375 people pass filters and QC.
Among remaining phenotypes, 172 are cases and 203 are controls.
--make-bed to 1-QC/1-Missingness/GPA4_a1.bed + 1-QC/1-Missingness/GPA4_a1.bim +
1-QC/1-Missingness/GPA4_a1.fam ... done.

End time: Thu May  6 13:23:08 2021
