PLINK v1.90b6.21 64-bit (19 Oct 2020)
Options in effect:
  --bfile 1-QC/1-Missingness/GPA3_a2
  --make-bed
  --mind 0.02
  --out 1-QC/1-Missingness/GPA4_a2

Hostname: Armands-MacBook-Pro.local
Working directory: /Users/armand/RstudioProjects/TFM_Sant_Pau_Internship/Input/ADNI/plink
Start time: Thu May  6 13:23:08 2021

Random number seed: 1620300188
8192 MB RAM detected; reserving 4096 MB for main workspace.
34 variants loaded from .bim file.
157 people (83 males, 74 females) loaded from .fam.
156 phenotype values loaded from .fam.
6 people removed due to missing genotype data (--mind).
IDs written to 1-QC/1-Missingness/GPA4_a2.irem .
Using 1 thread (no multithreaded calculations invoked).
Before main variant filters, 151 founders and 0 nonfounders present.
Calculating allele frequencies... done.
34 variants and 151 people pass filters and QC.
Among remaining phenotypes, 27 are cases and 123 are controls.  (1 phenotype is
missing.)
--make-bed to 1-QC/1-Missingness/GPA4_a2.bed + 1-QC/1-Missingness/GPA4_a2.bim +
1-QC/1-Missingness/GPA4_a2.fam ... done.

End time: Thu May  6 13:23:08 2021
