PLINK v1.90b6.21 64-bit (19 Oct 2020)
Options in effect:
  --bfile 0-Data/results_a2
  --missing
  --out 1-QC/1-Missingness/missing_a2

Hostname: Armands-MacBook-Pro.local
Working directory: /Users/armand/RstudioProjects/TFM_Sant_Pau_Internship/Input/ADNI/plink
Start time: Thu May  6 13:09:44 2021

Random number seed: 1620299384
8192 MB RAM detected; reserving 4096 MB for main workspace.
35 variants loaded from .bim file.
157 people (83 males, 74 females) loaded from .fam.
156 phenotype values loaded from .fam.
Using 1 thread (no multithreaded calculations invoked).
Before main variant filters, 157 founders and 0 nonfounders present.
Calculating allele frequencies... done.
Total genotyping rate is 0.99818.
--missing: Sample missing data report written to
1-QC/1-Missingness/missing_a2.imiss, and variant-based missing data report
written to 1-QC/1-Missingness/missing_a2.lmiss.

End time: Thu May  6 13:09:44 2021
