PLINK v1.90b6.21 64-bit (19 Oct 2020)
Options in effect:
  --bfile 1-QC/4-HWE/GPA8_a2
  --hwe 1e-10 include-nonctrl
  --make-bed
  --out 1-QC/4-HWE/GPA9_a2

Hostname: Armands-MacBook-Pro.local
Working directory: /Users/armand/RstudioProjects/TFM_Sant_Pau_Internship/Input/ADNI/plink
Start time: Thu May  6 14:14:47 2021

Random number seed: 1620303287
8192 MB RAM detected; reserving 4096 MB for main workspace.
33 variants loaded from .bim file.
151 people (80 males, 71 females) loaded from .fam.
150 phenotype values loaded from .fam.
Using 1 thread (no multithreaded calculations invoked).
Before main variant filters, 151 founders and 0 nonfounders present.
Calculating allele frequencies... done.
--hwe: 0 variants removed due to Hardy-Weinberg exact test.
33 variants and 151 people pass filters and QC.
Among remaining phenotypes, 27 are cases and 123 are controls.  (1 phenotype is
missing.)
--make-bed to 1-QC/4-HWE/GPA9_a2.bed + 1-QC/4-HWE/GPA9_a2.bim +
1-QC/4-HWE/GPA9_a2.fam ... done.

End time: Thu May  6 14:14:47 2021
